------------------------end of install postgres-------------------------------

  .   ____          _            __ _ _
 /\\ / ___'_ __ _ _(_)_ __  __ _ \ \ \ \
( ( )\___ | '_ | '_| | '_ \/ _` | \ \ \ \
 \\/  ___)| |_)| | | | | || (_| |  ) ) ) )
  '  |____| .__|_| |_|_| |_\__, | / / / /
 =========|_|==============|___/=/_/_/_/
 :: Spring Boot ::                (v3.0.1)

2023-11-04T11:03:34.113Z  INFO 4407 --- [           main] w.d.DigitalLibraryApplication            : Starting DigitalLibraryApplication v0.0.1-SNAPSHOT using Java 17.0.8.1 with PID 4407 (/home/vagrant/2023-09-example/apps/webbooks/target/DigitalLibrary-0.0.1-SNAPSHOT.jar started by root in /home/vagrant/kr8182/lesson8)
2023-11-04T11:03:34.116Z  INFO 4407 --- [           main] w.d.DigitalLibraryApplication            : No active profile set, falling back to 1 default profile: "default"
2023-11-04T11:03:35.092Z  INFO 4407 --- [           main] .s.d.r.c.RepositoryConfigurationDelegate : Multiple Spring Data modules found, entering strict repository configuration mode
2023-11-04T11:03:35.093Z  INFO 4407 --- [           main] .s.d.r.c.RepositoryConfigurationDelegate : Bootstrapping Spring Data JDBC repositories in DEFAULT mode.
2023-11-04T11:03:35.126Z  INFO 4407 --- [           main] .s.d.r.c.RepositoryConfigurationDelegate : Finished Spring Data repository scanning in 18 ms. Found 0 JDBC repository interfaces.
2023-11-04T11:03:35.135Z  INFO 4407 --- [           main] .s.d.r.c.RepositoryConfigurationDelegate : Multiple Spring Data modules found, entering strict repository configuration mode
2023-11-04T11:03:35.135Z  INFO 4407 --- [           main] .s.d.r.c.RepositoryConfigurationDelegate : Bootstrapping Spring Data JPA repositories in DEFAULT mode.
2023-11-04T11:03:35.139Z  INFO 4407 --- [           main] .s.d.r.c.RepositoryConfigurationDelegate : Finished Spring Data repository scanning in 1 ms. Found 0 JPA repository interfaces.
2023-11-04T11:03:35.527Z  INFO 4407 --- [           main] trationDelegate$BeanPostProcessorChecker : Bean 'org.springframework.ws.config.annotation.DelegatingWsConfiguration' of type [org.springframework.ws.config.annotation.DelegatingWsConfiguration$$SpringCGLIB$$0] is not eligible for getting processed by all BeanPostProcessors (for example: not eligible for auto-proxying)
2023-11-04T11:03:35.562Z  INFO 4407 --- [           main] .w.s.a.s.AnnotationActionEndpointMapping : Supporting [WS-Addressing August 2004, WS-Addressing 1.0]
2023-11-04T11:03:35.811Z  INFO 4407 --- [           main] o.s.b.w.embedded.tomcat.TomcatWebServer  : Tomcat initialized with port(s): 8080 (http)
2023-11-04T11:03:35.821Z  INFO 4407 --- [           main] o.apache.catalina.core.StandardService   : Starting service [Tomcat]
2023-11-04T11:03:35.822Z  INFO 4407 --- [           main] o.apache.catalina.core.StandardEngine    : Starting Servlet engine: [Apache Tomcat/10.1.4]
2023-11-04T11:03:35.906Z  INFO 4407 --- [           main] o.a.c.c.C.[Tomcat].[localhost].[/]       : Initializing Spring embedded WebApplicationContext
2023-11-04T11:03:35.909Z  INFO 4407 --- [           main] w.s.c.ServletWebServerApplicationContext : Root WebApplicationContext: initialization completed in 1709 ms
2023-11-04T11:03:36.474Z  INFO 4407 --- [           main] o.hibernate.jpa.internal.util.LogHelper  : HHH000204: Processing PersistenceUnitInfo [name: default]
2023-11-04T11:03:36.511Z  INFO 4407 --- [           main] org.hibernate.Version                    : HHH000412: Hibernate ORM core version 6.1.6.Final
2023-11-04T11:03:36.661Z  WARN 4407 --- [           main] org.hibernate.orm.deprecation            : HHH90000021: Encountered deprecated setting [javax.persistence.sharedCache.mode], use [jakarta.persistence.sharedCache.mode] instead
2023-11-04T11:03:36.789Z  INFO 4407 --- [           main] SQL dialect                              : HHH000400: Using dialect: org.hibernate.dialect.PostgreSQLDialect
2023-11-04T11:03:36.991Z  INFO 4407 --- [           main] o.h.e.t.j.p.i.JtaPlatformInitiator       : HHH000490: Using JtaPlatform implementation: [org.hibernate.engine.transaction.jta.platform.internal.NoJtaPlatform]
2023-11-04T11:03:36.999Z  INFO 4407 --- [           main] j.LocalContainerEntityManagerFactoryBean : Initialized JPA EntityManagerFactory for persistence unit 'default'
2023-11-04T11:03:37.067Z  WARN 4407 --- [           main] JpaBaseConfiguration$JpaWebConfiguration : spring.jpa.open-in-view is enabled by default. Therefore, database queries may be performed during view rendering. Explicitly configure spring.jpa.open-in-view to disable this warning
2023-11-04T11:03:37.878Z  INFO 4407 --- [           main] o.s.b.w.embedded.tomcat.TomcatWebServer  : Tomcat started on port(s): 8080 (http) with context path ''
2023-11-04T11:03:37.891Z  INFO 4407 --- [           main] w.d.DigitalLibraryApplication            : Started DigitalLibraryApplication in 4.217 seconds (process running for 4.616)
2023-11-04T11:04:02.641Z  INFO 4407 --- [nio-8080-exec-1] o.a.c.c.C.[Tomcat].[localhost].[/]       : Initializing Spring DispatcherServlet 'dispatcherServlet'
2023-11-04T11:04:02.641Z  INFO 4407 --- [nio-8080-exec-1] o.s.web.servlet.DispatcherServlet        : Initializing Servlet 'dispatcherServlet'
2023-11-04T11:04:02.643Z  INFO 4407 --- [nio-8080-exec-1] o.s.web.servlet.DispatcherServlet        : Completed initialization in 2 ms
