------------------------start of apt-get-update-------------------------------
Hit:1 http://archive.ubuntu.com/ubuntu focal InRelease
Hit:2 http://archive.ubuntu.com/ubuntu focal-updates InRelease
Hit:3 http://security.ubuntu.com/ubuntu focal-security InRelease
Hit:4 http://archive.ubuntu.com/ubuntu focal-backports InRelease
Ign:5 https://apt.releases.hashicorp.com focal InRelease
Err:6 https://apt.releases.hashicorp.com focal Release
  Could not handshake: Error in the pull function. [IP: 108.157.229.10 443]
Reading package lists...
------------------------end of apt-get-update-------------------------------
------------------------start of install maven-------------------------------
Reading package lists...
Building dependency tree...
Reading state information...
maven is already the newest version (3.6.3-1).
The following packages were automatically installed and are no longer required:
  bridge-utils containerd docker.io pigz qemu runc ubuntu-fan
Use 'sudo apt autoremove' to remove them.
0 upgraded, 0 newly installed, 0 to remove and 4 not upgraded.
------------------------end of install maven-------------------------------
------------------------start of install jdk-------------------------------
Reading package lists...
Building dependency tree...
Reading state information...
------------------------end of install jdk-------------------------------
------------------------start of install postgres-------------------------------
Reading package lists...
Building dependency tree...
Reading state information...
------------------------end of install postgres-------------------------------
------------------------start of install spring-------------------------------
Reading package lists...
Building dependency tree...
Reading state information...
spring is already the newest version (104.0+dfsg-4ubuntu7).
The following packages were automatically installed and are no longer required:
  bridge-utils containerd docker.io pigz qemu runc ubuntu-fan
Use 'sudo apt autoremove' to remove them.
0 upgraded, 0 newly installed, 0 to remove and 4 not upgraded.
------------------------end of install spring-------------------------------
------------------------start of install nginx-------------------------------
Reading package lists...
Building dependency tree...
Reading state information...
nginx is already the newest version (1.18.0-0ubuntu1.4).
The following packages were automatically installed and are no longer required:
  bridge-utils containerd docker.io pigz qemu runc ubuntu-fan
Use 'sudo apt autoremove' to remove them.
0 upgraded, 0 newly installed, 0 to remove and 4 not upgraded.
------------------------end of install nginx-------------------------------
