-- Logs begin at Sun 2023-10-29 16:11:41 UTC, end at Sun 2023-10-29 16:32:12 UTC. --
Oct 29 16:11:41 test1 systemd-journald[300]: Runtime journal (/run/log/journal/) is 6.0M, max 48.2M, 42.2M free.
Oct 29 16:11:41 test1 systemd-journald[300]: Journal started
Oct 29 16:11:41 test1 systemd-sysctl[303]: Couldn't write '4 4 1 7' to 'kernel/printk', ignoring: Permission denied
Oct 29 16:11:41 test1 systemd-sysctl[303]: Couldn't write '1' to 'kernel/kptr_restrict', ignoring: Permission denied
Oct 29 16:11:41 test1 systemd-sysctl[303]: Couldn't write '1' to 'fs/protected_hardlinks', ignoring: Permission denied
Oct 29 16:11:41 test1 systemd-sysctl[303]: Couldn't write '1' to 'fs/protected_symlinks', ignoring: Permission denied
Oct 29 16:11:41 test1 systemd-sysctl[303]: Couldn't write '176' to 'kernel/sysrq', ignoring: Permission denied
Oct 29 16:11:41 test1 systemd-sysctl[303]: Couldn't write '1' to 'kernel/yama/ptrace_scope', ignoring: Permission denied
Oct 29 16:11:41 test1 systemd-sysctl[303]: Couldn't write '65536' to 'vm/mmap_min_addr', ignoring: Permission denied
Oct 29 16:11:41 test1 systemd[1]: Failed to reset devices.list on /system.slice/systemd-journal-flush.service: Operation not permitted
Oct 29 16:11:41 test1 systemd[1]: Starting Flush Journal to Persistent Storage...
Oct 29 16:11:41 test1 systemd[1]: Started Create Static Device Nodes in /dev.
Oct 29 16:11:41 test1 systemd[1]: Failed to reset devices.list on /system.slice/systemd-udevd.service: Operation not permitted
Oct 29 16:11:41 test1 systemd[1]: Starting udev Kernel Device Manager...
Oct 29 16:11:41 test1 systemd-journald[300]: Forwarding to syslog missed 1 messages.
Oct 29 16:11:41 test1 systemd[1]: Reached target Local File Systems (Pre).
Oct 29 16:11:41 test1 systemd[1]: Reached target Local File Systems.
Oct 29 16:11:41 test1 systemd[1]: Failed to reset devices.list on /system.slice/system-getty.slice: Operation not permitted
Oct 29 16:11:41 test1 systemd[1]: Created slice system-getty.slice.
Oct 29 16:11:41 test1 systemd[1]: Failed to reset devices.list on /system.slice/networking.service: Operation not permitted
Oct 29 16:11:41 test1 systemd[1]: Starting Raise network interfaces...
Oct 29 16:11:41 test1 systemd[1]: Failed to reset devices.list on /system.slice/systemd-tmpfiles-setup-dev.service: Operation not permitted
Oct 29 16:11:41 test1 systemd[1]: Started udev Coldplug all Devices.
Oct 29 16:11:41 test1 systemd[1]: Started Flush Journal to Persistent Storage.
Oct 29 16:11:41 test1 systemd[1]: Failed to reset devices.list on /system.slice/systemd-tmpfiles-setup.service: Operation not permitted
Oct 29 16:11:41 test1 systemd[1]: Starting Create Volatile Files and Directories...
Oct 29 16:11:41 test1 systemd[1]: Failed to reset devices.list on /system.slice/systemd-udev-trigger.service: Operation not permitted
Oct 29 16:11:41 test1 systemd[1]: Failed to reset devices.list on /system.slice/systemd-journal-flush.service: Operation not permitted
Oct 29 16:11:41 test1 systemd-tmpfiles[320]: [/usr/lib/tmpfiles.d/var.conf:14] Duplicate line for path "/var/log", ignoring.
Oct 29 16:11:41 test1 systemd[1]: Started udev Kernel Device Manager.
Oct 29 16:11:41 test1 systemd[1]: Started Create Volatile Files and Directories.
Oct 29 16:11:41 test1 systemd[1]: Reached target System Time Synchronized.
Oct 29 16:11:41 test1 systemd[1]: Failed to reset devices.list on /system.slice/systemd-update-utmp.service: Operation not permitted
Oct 29 16:11:41 test1 systemd[1]: Starting Update UTMP about System Boot/Shutdown...
Oct 29 16:11:41 test1 systemd[1]: Failed to reset devices.list on /system.slice/systemd-tmpfiles-setup.service: Operation not permitted
Oct 29 16:11:41 test1 systemd[1]: Started Update UTMP about System Boot/Shutdown.
Oct 29 16:11:41 test1 systemd[1]: Reached target System Initialization.
Oct 29 16:11:41 test1 systemd[1]: Started Message of the Day.
Oct 29 16:11:41 test1 systemd[1]: Started Daily Cleanup of Temporary Directories.
Oct 29 16:11:41 test1 systemd[1]: Reached target Basic System.
Oct 29 16:11:41 test1 systemd[1]: Failed to reset devices.list on /system.slice/ondemand.service: Operation not permitted
Oct 29 16:11:41 test1 systemd[1]: Starting LSB: Set the CPU Frequency Scaling governor to "ondemand"...
Oct 29 16:11:41 test1 systemd[1]: Failed to reset devices.list on /system.slice/cron.service: Operation not permitted
Oct 29 16:11:41 test1 systemd[1]: Started Regular background program processing daemon.
Oct 29 16:11:41 test1 systemd[1]: Started Daily apt download activities.
Oct 29 16:11:41 test1 systemd[1]: Started Daily apt upgrade and clean activities.
Oct 29 16:11:41 test1 systemd[1]: Reached target Timers.
Oct 29 16:11:41 test1 systemd[1]: Failed to reset devices.list on /system.slice/rsyslog.service: Operation not permitted
Oct 29 16:11:41 test1 systemd[1]: Starting System Logging Service...
Oct 29 16:11:41 test1 systemd[1]: Failed to reset devices.list on /system.slice/systemd-user-sessions.service: Operation not permitted
Oct 29 16:11:41 test1 systemd[1]: Starting Permit User Sessions...
Oct 29 16:11:41 test1 systemd[1]: Failed to reset devices.list on /system.slice/resolvconf.service: Operation not permitted
Oct 29 16:11:41 test1 systemd[1]: Failed to reset devices.list on /system.slice/systemd-update-utmp.service: Operation not permitted
Oct 29 16:11:41 test1 cron[342]: (CRON) INFO (pidfile fd = 3)
Oct 29 16:11:41 test1 cron[342]: (CRON) INFO (Running @reboot jobs)
Oct 29 16:11:41 test1 systemd[1]: Started Permit User Sessions.
Oct 29 16:11:41 test1 systemd[1]: Failed to reset devices.list on /system.slice/ifup@eth0.service: Operation not permitted
Oct 29 16:11:41 test1 systemd[1]: Started ifup for eth0.
Oct 29 16:11:41 test1 systemd[1]: Failed to reset devices.list on /system.slice/systemd-user-sessions.service: Operation not permitted
Oct 29 16:11:41 test1 systemd[1]: Started LSB: Set the CPU Frequency Scaling governor to "ondemand".
Oct 29 16:11:41 test1 systemd[1]: Started System Logging Service.
Oct 29 16:11:41 test1 dhclient[356]: Internet Systems Consortium DHCP Client 4.3.3
Oct 29 16:11:41 test1 sh[347]: Internet Systems Consortium DHCP Client 4.3.3
Oct 29 16:11:41 test1 sh[347]: Copyright 2004-2015 Internet Systems Consortium.
Oct 29 16:11:41 test1 sh[347]: All rights reserved.
Oct 29 16:11:41 test1 sh[347]: For info, please visit https://www.isc.org/software/dhcp/
Oct 29 16:11:41 test1 dhclient[356]: Copyright 2004-2015 Internet Systems Consortium.
Oct 29 16:11:41 test1 dhclient[356]: All rights reserved.
Oct 29 16:11:41 test1 dhclient[356]: For info, please visit https://www.isc.org/software/dhcp/
Oct 29 16:11:41 test1 dhclient[356]: 
Oct 29 16:11:42 test1 ifup[360]: /sbin/ifup: waiting for lock on /run/network/ifstate.eth0
Oct 29 16:11:42 test1 dhclient[356]: Listening on LPF/eth0/00:16:3e:43:3e:0f
Oct 29 16:11:42 test1 sh[347]: Listening on LPF/eth0/00:16:3e:43:3e:0f
Oct 29 16:11:42 test1 sh[347]: Sending on   LPF/eth0/00:16:3e:43:3e:0f
Oct 29 16:11:42 test1 sh[347]: Sending on   Socket/fallback
Oct 29 16:11:42 test1 sh[347]: DHCPDISCOVER on eth0 to 255.255.255.255 port 67 interval 3 (xid=0xa8ba3501)
Oct 29 16:11:42 test1 dhclient[356]: Sending on   LPF/eth0/00:16:3e:43:3e:0f
Oct 29 16:11:42 test1 dhclient[356]: Sending on   Socket/fallback
Oct 29 16:11:42 test1 sh[347]: DHCPREQUEST of 10.229.66.39 on eth0 to 255.255.255.255 port 67 (xid=0x135baa8)
Oct 29 16:11:42 test1 dhclient[356]: DHCPDISCOVER on eth0 to 255.255.255.255 port 67 interval 3 (xid=0xa8ba3501)
Oct 29 16:11:42 test1 dhclient[356]: DHCPREQUEST of 10.229.66.39 on eth0 to 255.255.255.255 port 67 (xid=0x135baa8)
Oct 29 16:11:42 test1 dhclient[356]: DHCPOFFER of 10.229.66.39 from 10.229.66.1
Oct 29 16:11:42 test1 sh[347]: DHCPOFFER of 10.229.66.39 from 10.229.66.1
Oct 29 16:11:42 test1 dhclient[356]: DHCPACK of 10.229.66.39 from 10.229.66.1
Oct 29 16:11:42 test1 sh[347]: DHCPACK of 10.229.66.39 from 10.229.66.1
Oct 29 16:11:42 test1 dhclient[356]: bound to 10.229.66.39 -- renewal in 1776 seconds.
Oct 29 16:11:42 test1 sh[347]: bound to 10.229.66.39 -- renewal in 1776 seconds.
Oct 29 16:11:42 test1 systemd[1]: Started Raise network interfaces.
Oct 29 16:11:42 test1 systemd[1]: Reached target Network.
Oct 29 16:11:42 test1 systemd[1]: Failed to reset devices.list on /system.slice/rc-local.service: Operation not permitted
Oct 29 16:11:42 test1 systemd[1]: Starting /etc/rc.local Compatibility...
Oct 29 16:11:42 test1 systemd[1]: Failed to reset devices.list on /system.slice/networking.service: Operation not permitted
Oct 29 16:11:42 test1 systemd[1]: Started /etc/rc.local Compatibility.
Oct 29 16:11:42 test1 systemd[1]: Failed to reset devices.list on /system.slice/console-getty.service: Operation not permitted
Oct 29 16:11:42 test1 systemd[1]: Started Console Getty.
Oct 29 16:11:42 test1 systemd[1]: Reached target Login Prompts.
Oct 29 16:11:42 test1 systemd[1]: Reached target Multi-User System.
Oct 29 16:11:42 test1 systemd[1]: Reached target Graphical Interface.
Oct 29 16:11:42 test1 systemd[1]: Failed to reset devices.list on /system.slice/systemd-update-utmp-runlevel.service: Operation not permitted
Oct 29 16:11:42 test1 systemd[1]: Starting Update UTMP about System Runlevel Changes...
Oct 29 16:11:42 test1 systemd[1]: Failed to reset devices.list on /system.slice/rc-local.service: Operation not permitted
Oct 29 16:11:42 test1 systemd[1]: Started Update UTMP about System Runlevel Changes.
Oct 29 16:13:11 test1 systemd[1]: sys-subsystem-net-devices-eth0.device: Job sys-subsystem-net-devices-eth0.device/start timed out.
Oct 29 16:13:11 test1 systemd-journald[300]: Forwarding to syslog missed 46 messages.
Oct 29 16:13:11 test1 systemd[1]: Timed out waiting for device sys-subsystem-net-devices-eth0.device.
Oct 29 16:13:11 test1 systemd[1]: sys-subsystem-net-devices-eth0.device: Job sys-subsystem-net-devices-eth0.device/start failed with result 'timeout'.
Oct 29 16:13:11 test1 systemd[1]: Startup finished in 1min 30.496s.
Oct 29 16:13:57 test1 sudo[463]:     root : TTY=pts/1 ; PWD=/root ; USER=root ; COMMAND=/usr/bin/apt install apache
Oct 29 16:13:57 test1 sudo[463]: pam_unix(sudo:session): session opened for user root by (uid=0)
Oct 29 16:13:59 test1 sudo[463]: pam_unix(sudo:session): session closed for user root
Oct 29 16:14:13 test1 sudo[469]:     root : TTY=pts/1 ; PWD=/root ; USER=root ; COMMAND=/usr/bin/apt install apache
Oct 29 16:14:13 test1 sudo[469]: pam_unix(sudo:session): session opened for user root by (uid=0)
Oct 29 16:14:13 test1 sudo[469]: pam_unix(sudo:session): session closed for user root
Oct 29 16:14:35 test1 sudo[473]:     root : TTY=pts/1 ; PWD=/root ; USER=root ; COMMAND=/usr/bin/apt install apache2
Oct 29 16:14:35 test1 sudo[473]: pam_unix(sudo:session): session opened for user root by (uid=0)
Oct 29 16:16:50 test1 systemd[1]: Reloading.
Oct 29 16:16:52 test1 systemd[1]: Reloading.
Oct 29 16:16:52 test1 systemd[1]: Reloading.
Oct 29 16:16:52 test1 systemd[1]: Reloading.
Oct 29 16:16:52 test1 systemd[1]: Reached target Network is Online.
Oct 29 16:16:52 test1 systemd[1]: Failed to reset devices.list on /system.slice: Operation not permitted
Oct 29 16:16:52 test1 systemd[1]: Failed to reset devices.list on /system.slice/apache2.service: Operation not permitted
Oct 29 16:16:52 test1 systemd[1]: Starting LSB: Apache2 web server...
Oct 29 16:16:52 test1 systemd[1]: Failed to reset devices.list on /init.scope: Operation not permitted
Oct 29 16:16:52 test1 systemd[1]: Failed to reset devices.list on /system.slice/sys-fs-fuse-connections.mount: Operation not permitted
Oct 29 16:16:52 test1 systemd[1]: Failed to reset devices.list on /system.slice/systemd-random-seed.service: Operation not permitted
Oct 29 16:16:52 test1 systemd[1]: Failed to reset devices.list on /system.slice/dev-fuse.mount: Operation not permitted
Oct 29 16:16:52 test1 systemd[1]: Failed to reset devices.list on /system.slice/systemd-tmpfiles-setup.service: Operation not permitted
Oct 29 16:16:52 test1 systemd[1]: Failed to reset devices.list on /system.slice/console-getty.service: Operation not permitted
Oct 29 16:16:52 test1 systemd[1]: Failed to reset devices.list on /system.slice/cron.service: Operation not permitted
Oct 29 16:16:52 test1 systemd[1]: Failed to reset devices.list on /system.slice/rc-local.service: Operation not permitted
Oct 29 16:16:52 test1 systemd[1]: Failed to reset devices.list on /system.slice/systemd-udevd.service: Operation not permitted
Oct 29 16:16:52 test1 systemd[1]: Failed to reset devices.list on /system.slice/proc-diskstats.mount: Operation not permitted
Oct 29 16:16:52 test1 systemd[1]: Failed to reset devices.list on /system.slice/systemd-sysctl.service: Operation not permitted
Oct 29 16:16:52 test1 systemd[1]: Failed to reset devices.list on /system.slice/sys-kernel-config.mount: Operation not permitted
Oct 29 16:16:52 test1 systemd[1]: Failed to reset devices.list on /system.slice/systemd-journal-flush.service: Operation not permitted
Oct 29 16:16:52 test1 systemd[1]: Failed to reset devices.list on /system.slice/sys-kernel-tracing.mount: Operation not permitted
Oct 29 16:16:52 test1 systemd[1]: Failed to reset devices.list on /system.slice/systemd-udev-trigger.service: Operation not permitted
Oct 29 16:16:52 test1 systemd[1]: Failed to reset devices.list on /system.slice/systemd-user-sessions.service: Operation not permitted
Oct 29 16:16:52 test1 systemd[1]: Failed to reset devices.list on /system.slice/proc-stat.mount: Operation not permitted
Oct 29 16:16:52 test1 systemd[1]: Failed to reset devices.list on /system.slice/dev-random.mount: Operation not permitted
Oct 29 16:16:52 test1 systemd[1]: Failed to reset devices.list on /system.slice/dev-urandom.mount: Operation not permitted
Oct 29 16:16:52 test1 systemd[1]: Failed to reset devices.list on /system.slice/proc-sys-kernel-random-boot_id.mount: Operation not permitted
Oct 29 16:16:52 test1 systemd-journald[300]: Forwarding to syslog missed 1 messages.
Oct 29 16:16:52 test1 systemd[1]: Failed to reset devices.list on /system.slice/system-getty.slice: Operation not permitted
Oct 29 16:16:52 test1 systemd[1]: Failed to reset devices.list on /system.slice/sys-kernel-debug.mount: Operation not permitted
Oct 29 16:16:52 test1 systemd[1]: Failed to reset devices.list on /system.slice/resolvconf.service: Operation not permitted
Oct 29 16:16:52 test1 systemd[1]: Failed to reset devices.list on /system.slice/ondemand.service: Operation not permitted
Oct 29 16:16:52 test1 systemd[1]: Failed to reset devices.list on /system.slice/proc-loadavg.mount: Operation not permitted
Oct 29 16:16:52 test1 systemd[1]: Failed to reset devices.list on /system.slice/dev-null.mount: Operation not permitted
Oct 29 16:16:52 test1 systemd[1]: Failed to reset devices.list on /system.slice/systemd-update-utmp.service: Operation not permitted
Oct 29 16:16:52 test1 systemd[1]: Failed to reset devices.list on /system.slice/dev-tty.mount: Operation not permitted
Oct 29 16:16:52 test1 systemd[1]: Failed to reset devices.list on /system.slice/ifup@eth0.service: Operation not permitted
Oct 29 16:16:52 test1 systemd[1]: Failed to reset devices.list on /system.slice/proc-sys-fs-binfmt_misc.mount: Operation not permitted
Oct 29 16:16:52 test1 systemd[1]: Failed to reset devices.list on /system.slice/sys-devices-system-cpu-online.mount: Operation not permitted
Oct 29 16:16:52 test1 systemd[1]: Failed to reset devices.list on /system.slice/rsyslog.service: Operation not permitted
Oct 29 16:16:52 test1 systemd[1]: Failed to reset devices.list on /system.slice/dev-net-tun.mount: Operation not permitted
Oct 29 16:16:52 test1 systemd[1]: Failed to reset devices.list on /system.slice/proc-swaps.mount: Operation not permitted
Oct 29 16:16:52 test1 systemd[1]: Failed to reset devices.list on /system.slice/proc-meminfo.mount: Operation not permitted
Oct 29 16:16:52 test1 systemd[1]: Failed to reset devices.list on /system.slice/dev-ptmx.mount: Operation not permitted
Oct 29 16:16:52 test1 systemd[1]: Failed to reset devices.list on /system.slice/dev-zero.mount: Operation not permitted
Oct 29 16:16:52 test1 systemd[1]: Failed to reset devices.list on /system.slice/dev-.lxd\x2dmounts.mount: Operation not permitted
Oct 29 16:16:52 test1 systemd[1]: Failed to reset devices.list on /system.slice/systemd-journald.service: Operation not permitted
Oct 29 16:16:52 test1 systemd[1]: Failed to reset devices.list on /system.slice/proc-cpuinfo.mount: Operation not permitted
Oct 29 16:16:52 test1 systemd[1]: Failed to reset devices.list on /system.slice/systemd-tmpfiles-setup-dev.service: Operation not permitted
Oct 29 16:16:52 test1 systemd[1]: Failed to reset devices.list on /system.slice/dev-lxd.mount: Operation not permitted
Oct 29 16:16:52 test1 systemd[1]: Failed to reset devices.list on /system.slice/networking.service: Operation not permitted
Oct 29 16:16:52 test1 systemd[1]: Failed to reset devices.list on /system.slice/proc-uptime.mount: Operation not permitted
Oct 29 16:16:52 test1 systemd[1]: Failed to reset devices.list on /system.slice/dev-full.mount: Operation not permitted
Oct 29 16:16:52 test1 systemd[1]: Failed to reset devices.list on /system.slice/systemd-remount-fs.service: Operation not permitted
Oct 29 16:16:52 test1 systemd[1]: Failed to reset devices.list on /system.slice/dev-mqueue.mount: Operation not permitted
Oct 29 16:16:52 test1 systemd[1]: Failed to reset devices.list on /system.slice/-.mount: Operation not permitted
Oct 29 16:16:52 test1 apache2[2048]:  * Starting Apache httpd web server apache2
Oct 29 16:16:52 test1 apache2[2048]: AH00558: apache2: Could not reliably determine the server's fully qualified domain name, using 127.0.1.1. Set the 'ServerName' directive globally to suppress this message
Oct 29 16:16:53 test1 apache2[2048]:  *
Oct 29 16:16:53 test1 systemd[1]: Started LSB: Apache2 web server.
Oct 29 16:16:54 test1 groupadd[2172]: group added to /etc/group: name=ssl-cert, GID=111
Oct 29 16:16:54 test1 groupadd[2172]: group added to /etc/gshadow: name=ssl-cert
Oct 29 16:16:54 test1 groupadd[2172]: new group: name=ssl-cert, GID=111
Oct 29 16:16:54 test1 systemd[1]: Reloading.
Oct 29 16:16:54 test1 sudo[473]: pam_unix(sudo:session): session closed for user root
Oct 29 16:17:01 test1 CRON[2481]: pam_unix(cron:session): session opened for user root by (uid=0)
Oct 29 16:17:01 test1 CRON[2482]: (root) CMD (   cd / && run-parts --report /etc/cron.hourly)
Oct 29 16:17:01 test1 CRON[2481]: pam_unix(cron:session): session closed for user root
Oct 29 16:21:11 test1 sudo[2496]:     root : TTY=pts/1 ; PWD=/root ; USER=root ; COMMAND=/usr/bin/apt install git
Oct 29 16:21:11 test1 systemd-journald[300]: Forwarding to syslog missed 8 messages.
Oct 29 16:21:11 test1 sudo[2496]: pam_unix(sudo:session): session opened for user root by (uid=0)
Oct 29 16:21:18 test1 systemd[1]: Reloading.
Oct 29 16:21:18 test1 systemd[1]: Reloading.
Oct 29 16:21:18 test1 systemd[1]: Reloading.
Oct 29 16:21:18 test1 systemd[1]: Reloading.
Oct 29 16:21:19 test1 systemd[1]: Reloading.
Oct 29 16:21:19 test1 sudo[2496]: pam_unix(sudo:session): session closed for user root
Oct 29 16:27:12 test1 systemd[1]: Failed to reset devices.list on /system.slice: Operation not permitted
Oct 29 16:27:12 test1 systemd[1]: Failed to reset devices.list on /system.slice/systemd-tmpfiles-clean.service: Operation not permitted
Oct 29 16:27:12 test1 systemd[1]: Starting Cleanup of Temporary Directories...
Oct 29 16:27:12 test1 systemd[1]: Failed to reset devices.list on /init.scope: Operation not permitted
Oct 29 16:27:12 test1 systemd[1]: Failed to reset devices.list on /system.slice/resolvconf.service: Operation not permitted
Oct 29 16:27:12 test1 systemd[1]: Failed to reset devices.list on /system.slice/systemd-remount-fs.service: Operation not permitted
Oct 29 16:27:12 test1 systemd[1]: Failed to reset devices.list on /system.slice/dev-lxd.mount: Operation not permitted
Oct 29 16:27:12 test1 systemd[1]: Failed to reset devices.list on /system.slice/systemd-tmpfiles-setup-dev.service: Operation not permitted
Oct 29 16:27:12 test1 systemd[1]: Failed to reset devices.list on /system.slice/sys-fs-fuse-connections.mount: Operation not permitted
Oct 29 16:27:12 test1 systemd[1]: Failed to reset devices.list on /system.slice/proc-sys-fs-binfmt_misc.mount: Operation not permitted
Oct 29 16:27:12 test1 systemd[1]: Failed to reset devices.list on /system.slice/dev-mqueue.mount: Operation not permitted
Oct 29 16:27:12 test1 systemd[1]: Failed to reset devices.list on /system.slice/proc-cpuinfo.mount: Operation not permitted
Oct 29 16:27:12 test1 systemd[1]: Failed to reset devices.list on /system.slice/proc-meminfo.mount: Operation not permitted
Oct 29 16:27:12 test1 systemd[1]: Failed to reset devices.list on /system.slice/dev-net-tun.mount: Operation not permitted
Oct 29 16:27:12 test1 systemd[1]: Failed to reset devices.list on /system.slice/systemd-journald.service: Operation not permitted
Oct 29 16:27:12 test1 systemd-journald[300]: Forwarding to syslog missed 1 messages.
Oct 29 16:27:12 test1 systemd[1]: Failed to reset devices.list on /system.slice/dev-.lxd\x2dmounts.mount: Operation not permitted
Oct 29 16:27:12 test1 systemd[1]: Failed to reset devices.list on /system.slice/ondemand.service: Operation not permitted
Oct 29 16:27:12 test1 systemd[1]: Failed to reset devices.list on /system.slice/proc-swaps.mount: Operation not permitted
Oct 29 16:27:12 test1 systemd[1]: Failed to reset devices.list on /system.slice/sys-kernel-debug.mount: Operation not permitted
Oct 29 16:27:12 test1 systemd[1]: Failed to reset devices.list on /system.slice/dev-random.mount: Operation not permitted
Oct 29 16:27:12 test1 systemd[1]: Failed to reset devices.list on /system.slice/dev-ptmx.mount: Operation not permitted
Oct 29 16:27:12 test1 systemd[1]: Failed to reset devices.list on /system.slice/rsyslog.service: Operation not permitted
Oct 29 16:27:12 test1 systemd[1]: Failed to reset devices.list on /system.slice/networking.service: Operation not permitted
Oct 29 16:27:12 test1 systemd[1]: Failed to reset devices.list on /system.slice/cron.service: Operation not permitted
Oct 29 16:27:12 test1 systemd[1]: Failed to reset devices.list on /system.slice/systemd-udevd.service: Operation not permitted
Oct 29 16:27:12 test1 systemd[1]: Failed to reset devices.list on /system.slice/dev-full.mount: Operation not permitted
Oct 29 16:27:12 test1 systemd[1]: Failed to reset devices.list on /system.slice/systemd-random-seed.service: Operation not permitted
Oct 29 16:27:12 test1 systemd[1]: Failed to reset devices.list on /system.slice/proc-sys-kernel-random-boot_id.mount: Operation not permitted
Oct 29 16:27:12 test1 systemd[1]: Failed to reset devices.list on /system.slice/proc-loadavg.mount: Operation not permitted
Oct 29 16:27:12 test1 systemd[1]: Failed to reset devices.list on /system.slice/systemd-update-utmp.service: Operation not permitted
Oct 29 16:27:12 test1 systemd[1]: Failed to reset devices.list on /system.slice/ifup@eth0.service: Operation not permitted
Oct 29 16:27:12 test1 systemd[1]: Failed to reset devices.list on /system.slice/proc-uptime.mount: Operation not permitted
Oct 29 16:27:12 test1 systemd[1]: Failed to reset devices.list on /system.slice/-.mount: Operation not permitted
Oct 29 16:27:12 test1 systemd[1]: Failed to reset devices.list on /system.slice/sys-kernel-config.mount: Operation not permitted
Oct 29 16:27:12 test1 systemd[1]: Failed to reset devices.list on /system.slice/apache2.service: Operation not permitted
Oct 29 16:27:12 test1 systemd[1]: Failed to reset devices.list on /system.slice/dev-fuse.mount: Operation not permitted
Oct 29 16:27:12 test1 systemd[1]: Failed to reset devices.list on /system.slice/dev-zero.mount: Operation not permitted
Oct 29 16:27:12 test1 systemd[1]: Failed to reset devices.list on /system.slice/dev-null.mount: Operation not permitted
Oct 29 16:27:12 test1 systemd[1]: Failed to reset devices.list on /system.slice/systemd-tmpfiles-setup.service: Operation not permitted
Oct 29 16:27:12 test1 systemd[1]: Failed to reset devices.list on /system.slice/systemd-journal-flush.service: Operation not permitted
Oct 29 16:27:12 test1 systemd[1]: Failed to reset devices.list on /system.slice/dev-urandom.mount: Operation not permitted
Oct 29 16:27:12 test1 systemd[1]: Failed to reset devices.list on /system.slice/systemd-user-sessions.service: Operation not permitted
Oct 29 16:27:12 test1 systemd[1]: Failed to reset devices.list on /system.slice/systemd-udev-trigger.service: Operation not permitted
Oct 29 16:27:12 test1 systemd[1]: Failed to reset devices.list on /system.slice/sys-kernel-tracing.mount: Operation not permitted
Oct 29 16:27:12 test1 systemd[1]: Failed to reset devices.list on /system.slice/proc-diskstats.mount: Operation not permitted
Oct 29 16:27:12 test1 systemd[1]: Failed to reset devices.list on /system.slice/proc-stat.mount: Operation not permitted
Oct 29 16:27:12 test1 systemd[1]: Failed to reset devices.list on /system.slice/sys-devices-system-cpu-online.mount: Operation not permitted
Oct 29 16:27:12 test1 systemd[1]: Failed to reset devices.list on /system.slice/systemd-sysctl.service: Operation not permitted
Oct 29 16:27:12 test1 systemd[1]: Failed to reset devices.list on /system.slice/dev-tty.mount: Operation not permitted
Oct 29 16:27:12 test1 systemd[1]: Failed to reset devices.list on /system.slice/system-getty.slice: Operation not permitted
Oct 29 16:27:12 test1 systemd[1]: Failed to reset devices.list on /system.slice/console-getty.service: Operation not permitted
Oct 29 16:27:12 test1 systemd[1]: Failed to reset devices.list on /system.slice/rc-local.service: Operation not permitted
Oct 29 16:27:12 test1 systemd-tmpfiles[4027]: [/usr/lib/tmpfiles.d/var.conf:14] Duplicate line for path "/var/log", ignoring.
Oct 29 16:27:12 test1 systemd[1]: Started Cleanup of Temporary Directories.
Oct 29 16:32:12 test1 systemd-journald[300]: Forwarding to syslog missed 3 messages.
